<?xml version="1.0" encoding="UTF-8"?>
<!-- Generated by org.testng.reporters.JUnitXMLReporter -->
<testsuite hostname="ATMECSINLT-047" ignored="0" name="Default test" tests="5" failures="0" timestamp="12 Jun 2018 11:46:50 GMT" time="82.728" errors="0">
  <testcase name="searchByUsername" time="61.351" classname="com.sdp.admin.ActivityLog"/>
  <testcase name="searchByActivity" time="3.938" classname="com.sdp.admin.ActivityLog"/>
  <testcase name="searchByFromDate" time="4.41" classname="com.sdp.admin.ActivityLog"/>
  <testcase name="searchByToDate" time="4.257" classname="com.sdp.admin.ActivityLog"/>
  <testcase name="searchByTodayDate" time="8.725" classname="com.sdp.admin.ActivityLog"/>
</testsuite> <!-- Default test -->
